<?xml version="1.0" encoding="UTF-8"?>
<!-- Generated by org.testng.reporters.JUnitReportReporter -->
<testsuite hostname="LAPTOP-LVGC4S3R" failures="0" tests="1" name="com.inetBanking_testCases.TC_LoginTest_001" time="5.583" errors="0" timestamp="6 May 2021 07:18:00 GMT">
  <testcase classname="com.inetBanking_testCases.TC_LoginTest_001" name="loginTest" time="5.583"/>
</testsuite> <!-- com.inetBanking_testCases.TC_LoginTest_001 -->
