<?xml version="1.0" encoding="UTF-8"?>
<!-- Generated by org.testng.reporters.JUnitReportReporter -->
<testsuite hostname="LAPTOP-LVGC4S3R" failures="0" tests="1" name="com.inetBanking_testCases.TC_AddCustomerTest_003" time="33.188" errors="0" timestamp="6 May 2021 07:32:22 GMT">
  <testcase classname="com.inetBanking_testCases.TC_AddCustomerTest_003" name="addNewCustomer" time="33.188"/>
</testsuite> <!-- com.inetBanking_testCases.TC_AddCustomerTest_003 -->
