<?xml version="1.0" encoding="UTF-8"?>
<!-- Generated by org.testng.reporters.JUnitReportReporter -->
<testsuite hostname="LAPTOP-LVGC4S3R" name="com.inetBanking_testCases.TC_LoginTest_001" tests="1" failures="0" timestamp="7 May 2021 07:47:48 GMT" time="3.134" errors="0">
  <testcase name="loginTest" time="3.134" classname="com.inetBanking_testCases.TC_LoginTest_001"/>
</testsuite> <!-- com.inetBanking_testCases.TC_LoginTest_001 -->
